<?xml version="1.0" encoding="UTF-8"?>
<!-- Generated by org.testng.reporters.JUnitXMLReporter -->
<testsuite ignored="1" hostname="Viggy" failures="0" tests="1" name="Default test" time="0.129" errors="0" timestamp="2024-07-07T14:30:19 IST">
  <testcase classname="codeCheck.LoginTestCases" name="testCase1" time="0.0">
    <skipped/>
  </testcase> <!-- testCase1 -->
  <testcase classname="com.rahulshettyacademy.framework.pages.LoginPage" name="loginTest" time="0.0">
    <ignored/>
  </testcase> <!-- loginTest -->
</testsuite> <!-- Default test -->
