<?xml version="1.0" encoding="UTF-8"?>
<testng-results ignored="1" total="5" passed="4" failed="0" skipped="0">
  <reporter-output>
  </reporter-output>
  <suite started-at="2024-07-10T22:52:24 IST" name="BaseSuite" finished-at="2024-07-10T22:52:37 IST" duration-ms="12741">
    <groups>
    </groups>
    <test started-at="2024-07-10T22:52:24 IST" name="BasicTest" finished-at="2024-07-10T22:52:37 IST" duration-ms="12741">
      <class name="codeCheck.LoginTestCases">
        <test-method is-config="true" signature="basicMethod()[pri:0, instance:codeCheck.LoginTestCases@3e0e1046]" started-at="2024-07-10T22:52:16 IST" name="basicMethod" finished-at="2024-07-10T22:52:24 IST" duration-ms="7424" status="PASS">
          <reporter-output>
          </reporter-output>
        </test-method> <!-- basicMethod -->
        <test-method signature="testCase1(java.lang.String,java.lang.String,java.lang.String)[pri:0, instance:codeCheck.LoginTestCases@3e0e1046]" started-at="2024-07-10T22:52:25 IST" name="testCase1" data-provider="excelData" finished-at="2024-07-10T22:52:28 IST" duration-ms="2787" status="PASS">
          <params>
            <param index="0">
              <value>
                <![CDATA[vtherider6342@gmail.com]]>
              </value>
            </param>
            <param index="1">
              <value>
                <![CDATA[12345678]]>
              </value>
            </param>
            <param index="2">
              <value>
                <![CDATA[Valid]]>
              </value>
            </param>
          </params>
          <reporter-output>
          </reporter-output>
        </test-method> <!-- testCase1 -->
        <test-method signature="testCase1(java.lang.String,java.lang.String,java.lang.String)[pri:0, instance:codeCheck.LoginTestCases@3e0e1046]" started-at="2024-07-10T22:52:28 IST" name="testCase1" data-provider="excelData" finished-at="2024-07-10T22:52:31 IST" duration-ms="2812" status="PASS">
          <params>
            <param index="0">
              <value>
                <![CDATA[vtherider63421@gmail.com]]>
              </value>
            </param>
            <param index="1">
              <value>
                <![CDATA[12345678]]>
              </value>
            </param>
            <param index="2">
              <value>
                <![CDATA[Invalid username]]>
              </value>
            </param>
          </params>
          <reporter-output>
          </reporter-output>
        </test-method> <!-- testCase1 -->
        <test-method signature="testCase1(java.lang.String,java.lang.String,java.lang.String)[pri:0, instance:codeCheck.LoginTestCases@3e0e1046]" started-at="2024-07-10T22:52:31 IST" name="testCase1" data-provider="excelData" finished-at="2024-07-10T22:52:34 IST" duration-ms="2816" status="PASS">
          <params>
            <param index="0">
              <value>
                <![CDATA[vtherider6342@gmail.com]]>
              </value>
            </param>
            <param index="1">
              <value>
                <![CDATA[123456789]]>
              </value>
            </param>
            <param index="2">
              <value>
                <![CDATA[Invalid Password]]>
              </value>
            </param>
          </params>
          <reporter-output>
          </reporter-output>
        </test-method> <!-- testCase1 -->
        <test-method signature="testCase1(java.lang.String,java.lang.String,java.lang.String)[pri:0, instance:codeCheck.LoginTestCases@3e0e1046]" started-at="2024-07-10T22:52:34 IST" name="testCase1" data-provider="excelData" finished-at="2024-07-10T22:52:37 IST" duration-ms="2644" status="PASS">
          <params>
            <param index="0">
              <value>
                <![CDATA[vtherider63421@gmail.com]]>
              </value>
            </param>
            <param index="1">
              <value>
                <![CDATA[123456789]]>
              </value>
            </param>
            <param index="2">
              <value>
                <![CDATA[Invalid data]]>
              </value>
            </param>
          </params>
          <reporter-output>
          </reporter-output>
        </test-method> <!-- testCase1 -->
      </class> <!-- codeCheck.LoginTestCases -->
    </test> <!-- BasicTest -->
  </suite> <!-- BaseSuite -->
</testng-results>
