<?xml version="1.0" encoding="UTF-8"?>
<!-- Generated by org.testng.reporters.JUnitXMLReporter -->
<testsuite ignored="1" hostname="Viggy" failures="0" tests="4" name="BasicTest" time="12.741" errors="0" timestamp="2024-07-10T22:52:37 IST">
  <testcase classname="codeCheck.LoginTestCases" name="testCase1" time="2.787"/>
  <testcase classname="codeCheck.LoginTestCases" name="testCase1" time="2.812"/>
  <testcase classname="codeCheck.LoginTestCases" name="testCase1" time="2.816"/>
  <testcase classname="codeCheck.LoginTestCases" name="testCase1" time="2.644"/>
  <testcase classname="com.rahulshettyacademy.framework.pages.LoginPage" name="loginTest" time="0.0">
    <ignored/>
  </testcase> <!-- loginTest -->
</testsuite> <!-- BasicTest -->
