<?xml version="1.0" encoding="UTF-8"?>
<!-- Generated by org.testng.reporters.JUnitXMLReporter -->
<testsuite ignored="1" hostname="Viggy" failures="1" tests="1" name="BasicTest" time="517.858" errors="0" timestamp="2024-05-29T23:12:15 IST">
  <testcase classname="codeCheck.BaseClassCode" name="testTwo" time="35.51">
    <failure type="java.lang.AssertionError" message="expected [Let&amp;apos;s Show] but found [Let&amp;apos;s Shop]">
      <![CDATA[java.lang.AssertionError: expected [Let's Show] but found [Let's Shop]
at codeCheck.BaseClassCode.testTwo(BaseClassCode.java:26)
at java.base/java.util.ArrayList.forEach(ArrayList.java:1511)
... Removed 33 stack frames]]>
    </failure>
  </testcase> <!-- testTwo -->
  <testcase classname="codeCheck.BaseClassCode" name="testOne" time="0.0">
    <ignored/>
  </testcase> <!-- testOne -->
</testsuite> <!-- BasicTest -->
