<?xml version="1.0" encoding="UTF-8"?>
<!-- Generated by org.testng.reporters.JUnitXMLReporter -->
<testsuite ignored="0" hostname="Viggy" failures="1" tests="2" name="testOne" time="17.268" errors="0" timestamp="2024-05-27T21:54:37 IST">
  <testcase classname="codeCheck.BaseClassCode" name="testOne" time="7.455"/>
  <testcase classname="codeCheck.BaseClassCode" name="testTwo" time="9.708">
    <failure type="java.lang.NullPointerException" message="Cannot invoke &amp;quot;org.openqa.selenium.WebDriver.getTitle()&amp;quot; because &amp;quot;this.driver&amp;quot; is null">
      <![CDATA[java.lang.NullPointerException: Cannot invoke "org.openqa.selenium.WebDriver.getTitle()" because "this.driver" is null
at codeCheck.BaseClassCode.testTwo(BaseClassCode.java:28)
at java.base/java.util.ArrayList.forEach(ArrayList.java:1511)
... Removed 27 stack frames]]>
    </failure>
  </testcase> <!-- testTwo -->
</testsuite> <!-- testOne -->
